\BOOKMARK [1][-]{section.1}{\376\377\000O\000p\000i\000s\000\040\000p\000r\000o\000j\000e\000k\000t\000u}{}% 1
\BOOKMARK [1][-]{section.2}{\376\377\000Z\000a\001\102\000o\001\174\000e\000n\000i\000a\000\040\000p\000r\000o\000j\000e\000k\000t\000o\000w\000e}{}% 2
\BOOKMARK [2][-]{subsection.2.1}{\376\377\000K\000o\000m\000u\000n\000i\000k\000a\000c\000j\000a}{section.2}% 3
\BOOKMARK [2][-]{subsection.2.2}{\376\377\000W\000i\000z\000u\000a\000l\000i\000z\000a\000c\000j\000a}{section.2}% 4
\BOOKMARK [1][-]{section.3}{\376\377\000H\000a\000r\000m\000o\000n\000o\000g\000r\000a\000m\000\040\000p\000r\000a\000c\000y}{}% 5
\BOOKMARK [2][-]{subsection.3.1}{\376\377\000Z\000a\000k\000r\000e\000s\000\040\000p\000r\000a\000c}{section.3}% 6
\BOOKMARK [2][-]{subsection.3.2}{\376\377\000K\000a\000m\000i\000e\000n\000i\000e\000\040\000m\000i\000l\000o\000w\000e}{section.3}% 7
\BOOKMARK [2][-]{subsection.3.3}{\376\377\000W\000y\000k\000r\000e\000s\000\040\000G\000a\000n\000t\000t\000a}{section.3}% 8
\BOOKMARK [1][-]{section.4}{\376\377\000P\000r\000o\000j\000e\000k\000t\000\040\000i\000n\000t\000e\000r\000f\000e\000j\000s\000u\000\040\000g\000r\000a\000f\000i\000c\000z\000n\000e\000g\000o}{}% 9
\BOOKMARK [2][-]{subsection.4.1}{\376\377\000F\000u\000n\000k\000c\000j\000o\000n\000a\000l\000n\000o\001\133\001\007\000\040\000U\000I}{section.4}% 10
\BOOKMARK [2][-]{subsection.4.2}{\376\377\000F\000u\000n\000k\000c\000j\000o\000n\000a\000l\000n\000o\001\133\001\007\000\040\000a\000p\000l\000i\000k\000a\000c\000j\000i}{section.4}% 11
\BOOKMARK [2][-]{subsection.4.3}{\376\377\000G\000r\000a\000f\000i\000c\000z\000n\000a\000\040\000r\000e\000p\000r\000e\000z\000e\000n\000t\000a\000c\000j\000a\000\040\000a\000p\000l\000i\000k\000a\000c\000j\000i}{section.4}% 12
\BOOKMARK [1][-]{section.5}{\376\377\000W\000s\000t\001\031\000p\000n\000e\000\040\000r\000e\000z\000u\000l\000t\000a\000t\000y}{}% 13
\BOOKMARK [2][-]{subsection.5.1}{\376\377\000Z\000m\000i\000a\000n\000y\000\040\000w\000\040\000p\000r\000o\000j\000e\000k\000c\000i\000e}{section.5}% 14
\BOOKMARK [2][-]{subsection.5.2}{\376\377\000Z\000r\000e\000a\000l\000i\000z\000o\000w\000a\000n\000e\000\040\000z\000a\000d\000a\000n\000i\000a}{section.5}% 15
\BOOKMARK [1][-]{section.6}{\376\377\000Z\000a\000a\000w\000a\000n\000s\000o\000w\000a\000n\000e\000\040\000r\000e\000z\000u\000l\000t\000a\000t\000y}{}% 16
\BOOKMARK [2][-]{subsection.6.1}{\376\377\000K\000o\000m\000u\000n\000i\000k\000a\000c\000j\000a}{section.6}% 17
\BOOKMARK [2][-]{subsection.6.2}{\376\377\000G\000r\000a\000f\000i\000c\000z\000n\000y\000\040\000i\000n\000t\000e\000r\000f\000e\000j\000s\000\040\000u\001\174\000y\000t\000k\000o\000w\000n\000i\000k\000a}{section.6}% 18
\BOOKMARK [1][-]{section.7}{\376\377\000R\000e\000z\000u\000l\000t\000a\000t\000y\000\040\000p\000r\000a\000w\000i\000e\000\040\000k\000o\001\104\000c\000o\000w\000e}{}% 19
\BOOKMARK [2][-]{subsection.7.1}{\376\377\000Z\000r\000e\000a\000l\000i\000z\000o\000w\000a\000n\000e\000\040\000z\000a\000d\000a\000n\000i\000a}{section.7}% 20
\BOOKMARK [2][-]{subsection.7.2}{\376\377\000Z\000m\000i\000a\000n\000y\000\040\000w\000\040\000p\000r\000o\000j\000e\000k\000c\000i\000e}{section.7}% 21
\BOOKMARK [1][-]{section.8}{\376\377\000R\000e\000z\000u\000l\000t\000a\000t\000y\000\040\000k\000o\001\104\000c\000o\000w\000e}{}% 22
\BOOKMARK [2][-]{subsection.8.1}{\376\377\000Z\000r\000e\000a\000l\000i\000z\000o\000w\000a\000n\000e\000\040\000z\000a\000d\000a\000n\000i\000a}{section.8}% 23
\BOOKMARK [2][-]{subsection.8.2}{\376\377\000K\000o\001\104\000c\000o\000w\000y\000\040\000w\000y\000g\000l\001\005\000d\000\040\000a\000p\000l\000i\000k\000a\000c\000j\000i}{section.8}% 24
\BOOKMARK [1][-]{section.9}{\376\377\000P\000o\000d\000s\000u\000m\000o\000w\000a\000n\000i\000e}{}% 25
