This is pdfTeX, Version 3.14159265-2.6-1.40.20 (MiKTeX 2.9.7000 64-bit) (preloaded format=pdflatex 2019.6.4)  15 JUN 2019 15:10
entering extended mode
**"./sprawozdanie 6.tex"
("sprawozdanie 6.tex"
LaTeX2e <2018-12-01>
(E:\Programy\Miktex\tex/latex/base\article.cls
Document Class: article 2018/09/03 v1.4i Standard LaTeX document class
(E:\Programy\Miktex\tex/latex/base\size10.clo
File: size10.clo 2018/09/03 v1.4i Standard LaTeX file (size option)
)
\c@part=\count80
\c@section=\count81
\c@subsection=\count82
\c@subsubsection=\count83
\c@paragraph=\count84
\c@subparagraph=\count85
\c@figure=\count86
\c@table=\count87
\abovecaptionskip=\skip41
\belowcaptionskip=\skip42
\bibindent=\dimen102
)
(E:\Programy\Miktex\tex/latex/base\inputenc.sty
Package: inputenc 2018/08/11 v1.3c Input encoding file
\inpenc@prehook=\toks14
\inpenc@posthook=\toks15
)
("C:\Users\Papa Smerf\AppData\Roaming\MiKTeX\2.9\tex/latex/polski\polski.sty"
Package: polski 2017/05/04 v1.3.4 Polish language package

   Inputenc package detected. Catcodes not changed.
   Switching to Polish text encoding and Polish maths fonts.
(E:\Programy\Miktex\tex/latex/base\ot4enc.def
File: ot4enc.def 2018/08/11 v2.0j Standard LaTeX file
Now handling font encoding OT4 ...
... no UTF-8 mapping file for font encoding OT4
)
LaTeX Font Info:    Try loading font information for OT4+cmr on input line 360.


("C:\Users\Papa Smerf\AppData\Roaming\MiKTeX\2.9\tex/latex/polski\ot4cmr.fd"
File: ot4cmr.fd 2008/02/24 v1.2.1 Font defs for fonts PL (MW)
)
LaTeX Font Info:    Overwriting math alphabet `\mathbf' in version `normal'
(Font)                  OT1/cmr/bx/n --> OT4/cmr/bx/n on input line 360.
LaTeX Font Info:    Overwriting math alphabet `\mathsf' in version `normal'
(Font)                  OT1/cmss/m/n --> OT4/cmss/m/n on input line 360.
LaTeX Font Info:    Overwriting math alphabet `\mathit' in version `normal'
(Font)                  OT1/cmr/m/it --> OT4/cmr/m/it on input line 360.
LaTeX Font Info:    Overwriting math alphabet `\mathtt' in version `normal'
(Font)                  OT1/cmtt/m/n --> OT4/cmtt/m/n on input line 360.
LaTeX Font Info:    Overwriting math alphabet `\mathsf' in version `bold'
(Font)                  OT1/cmss/bx/n --> OT4/cmss/bx/n on input line 360.
LaTeX Font Info:    Overwriting math alphabet `\mathit' in version `bold'
(Font)                  OT1/cmr/bx/it --> OT4/cmr/bx/it on input line 360.
LaTeX Font Info:    Encoding `OT1' has changed to `OT4' for symbol font
(Font)              `operators' in the math version `normal' on input line 360.

LaTeX Font Info:    Overwriting symbol font `operators' in version `normal'
(Font)                  OT1/cmr/m/n --> OT4/cmr/m/n on input line 360.
LaTeX Font Info:    Overwriting symbol font `letters' in version `normal'
(Font)                  OML/cmm/m/it --> OML/plm/m/it on input line 360.
LaTeX Font Info:    Overwriting symbol font `symbols' in version `normal'
(Font)                  OMS/cmsy/m/n --> OMS/plsy/m/n on input line 360.
LaTeX Font Info:    Overwriting symbol font `largesymbols' in version `normal'
(Font)                  OMX/cmex/m/n --> OMX/plex/m/n on input line 360.
LaTeX Font Info:    Encoding `OT1' has changed to `OT4' for symbol font
(Font)              `operators' in the math version `bold' on input line 360.
LaTeX Font Info:    Overwriting symbol font `operators' in version `bold'
(Font)                  OT1/cmr/bx/n --> OT4/cmr/bx/n on input line 360.
LaTeX Font Info:    Overwriting symbol font `letters' in version `bold'
(Font)                  OML/cmm/b/it --> OML/plm/b/it on input line 360.
LaTeX Font Info:    Overwriting symbol font `symbols' in version `bold'
(Font)                  OMS/cmsy/b/n --> OMS/plsy/b/n on input line 360.
)
("C:\Users\Papa Smerf\AppData\Roaming\MiKTeX\2.9\tex/latex/xcolor\xcolor.sty"
Package: xcolor 2016/05/11 v2.12 LaTeX color extensions (UK)

(E:\Programy\Miktex\tex/latex/graphics-cfg\color.cfg
File: color.cfg 2016/01/02 v1.6 sample color configuration
)
Package xcolor Info: Package option `usenames' ignored on input line 216.
Package xcolor Info: Driver file: pdftex.def on input line 225.

(E:\Programy\Miktex\tex/latex/graphics-def\pdftex.def
File: pdftex.def 2018/01/08 v1.0l Graphics/color driver for pdftex
)
Package xcolor Info: Model `cmy' substituted by `cmy0' on input line 1348.
Package xcolor Info: Model `hsb' substituted by `rgb' on input line 1352.
Package xcolor Info: Model `RGB' extended on input line 1364.
Package xcolor Info: Model `HTML' substituted by `rgb' on input line 1366.
Package xcolor Info: Model `Hsb' substituted by `hsb' on input line 1367.
Package xcolor Info: Model `tHsb' substituted by `hsb' on input line 1368.
Package xcolor Info: Model `HSB' substituted by `hsb' on input line 1369.
Package xcolor Info: Model `Gray' substituted by `gray' on input line 1370.
Package xcolor Info: Model `wave' substituted by `hsb' on input line 1371.

(E:\Programy\Miktex\tex/latex/graphics\dvipsnam.def
File: dvipsnam.def 2016/06/17 v3.0m Driver-dependent file (DPC,SPQR)
))
(E:\Programy\Miktex\tex/latex/units\units.sty
Package: units 1998/08/04 v0.9b Typesetting units

(E:\Programy\Miktex\tex/latex/base\ifthen.sty
Package: ifthen 2014/09/29 v1.1c Standard LaTeX ifthen package (DPC)
)
(E:\Programy\Miktex\tex/latex/units\nicefrac.sty
Package: nicefrac 1998/08/04 v0.9b Nice fractions
\L@UnitsRaiseDisplaystyle=\skip43
\L@UnitsRaiseTextstyle=\skip44
\L@UnitsRaiseScriptstyle=\skip45
))
\@input{preambula.aux}
\openout2 = `preambula.aux'.

(preambula.tex (E:\Programy\Miktex\tex/latex/hyperref\hyperref.sty
Package: hyperref 2018/11/30 v6.88e Hypertext links for LaTeX

(E:\Programy\Miktex\tex/generic/oberdiek\hobsub-hyperref.sty
Package: hobsub-hyperref 2016/05/16 v1.14 Bundle oberdiek, subset hyperref (HO)


(E:\Programy\Miktex\tex/generic/oberdiek\hobsub-generic.sty
Package: hobsub-generic 2016/05/16 v1.14 Bundle oberdiek, subset generic (HO)
Package: hobsub 2016/05/16 v1.14 Construct package bundles (HO)
Package: infwarerr 2016/05/16 v1.4 Providing info/warning/error messages (HO)
Package: ltxcmds 2016/05/16 v1.23 LaTeX kernel commands for general use (HO)
Package: ifluatex 2016/05/16 v1.4 Provides the ifluatex switch (HO)
Package ifluatex Info: LuaTeX not detected.
Package: ifvtex 2016/05/16 v1.6 Detect VTeX and its facilities (HO)
Package ifvtex Info: VTeX not detected.
Package: intcalc 2016/05/16 v1.2 Expandable calculations with integers (HO)
Package: ifpdf 2018/09/07 v3.3 Provides the ifpdf switch
Package: etexcmds 2016/05/16 v1.6 Avoid name clashes with e-TeX commands (HO)
Package: kvsetkeys 2016/05/16 v1.17 Key value parser (HO)
Package: kvdefinekeys 2016/05/16 v1.4 Define keys (HO)
Package: pdftexcmds 2018/09/10 v0.29 Utility functions of pdfTeX for LuaTeX (HO
)
Package pdftexcmds Info: LuaTeX not detected.
Package pdftexcmds Info: \pdf@primitive is available.
Package pdftexcmds Info: \pdf@ifprimitive is available.
Package pdftexcmds Info: \pdfdraftmode found.
Package: pdfescape 2016/05/16 v1.14 Implements pdfTeX's escape features (HO)
Package: bigintcalc 2016/05/16 v1.4 Expandable calculations on big integers (HO
)
Package: bitset 2016/05/16 v1.2 Handle bit-vector datatype (HO)
Package: uniquecounter 2016/05/16 v1.3 Provide unlimited unique counter (HO)
)
Package hobsub Info: Skipping package `hobsub' (already loaded).
Package: letltxmacro 2016/05/16 v1.5 Let assignment for LaTeX macros (HO)
Package: hopatch 2016/05/16 v1.3 Wrapper for package hooks (HO)
Package: xcolor-patch 2016/05/16 xcolor patch
Package: atveryend 2016/05/16 v1.9 Hooks at the very end of document (HO)
Package atveryend Info: \enddocument detected (standard20110627).
Package: atbegshi 2016/06/09 v1.18 At begin shipout hook (HO)
Package: refcount 2016/05/16 v3.5 Data extraction from label references (HO)
Package: hycolor 2016/05/16 v1.8 Color options for hyperref/bookmark (HO)
)
(E:\Programy\Miktex\tex/latex/graphics\keyval.sty
Package: keyval 2014/10/28 v1.15 key=value parser (DPC)
\KV@toks@=\toks16
)
(E:\Programy\Miktex\tex/generic/ifxetex\ifxetex.sty
Package: ifxetex 2010/09/12 v0.6 Provides ifxetex conditional
)
(E:\Programy\Miktex\tex/latex/oberdiek\auxhook.sty
Package: auxhook 2016/05/16 v1.4 Hooks for auxiliary files (HO)
)
(E:\Programy\Miktex\tex/latex/oberdiek\kvoptions.sty
Package: kvoptions 2016/05/16 v3.12 Key value format for package options (HO)
)
\@linkdim=\dimen103
\Hy@linkcounter=\count88
\Hy@pagecounter=\count89

(E:\Programy\Miktex\tex/latex/hyperref\pd1enc.def
File: pd1enc.def 2018/11/30 v6.88e Hyperref: PDFDocEncoding definition (HO)
Now handling font encoding PD1 ...
... no UTF-8 mapping file for font encoding PD1
)
\Hy@SavedSpaceFactor=\count90

(E:\Programy\Miktex\tex/latex/00miktex\hyperref.cfg
File: hyperref.cfg 2002/06/06 v1.2 hyperref configuration of TeXLive
)
Package hyperref Info: Option `bookmarks' set `true' on input line 4393.
Package hyperref Info: Option `bookmarksnumbered' set `false' on input line 439
3.
Package hyperref Info: Option `unicode' set `true' on input line 4393.

(E:\Programy\Miktex\tex/latex/hyperref\puenc.def
File: puenc.def 2018/11/30 v6.88e Hyperref: PDF Unicode definition (HO)
Now handling font encoding PU ...
... no UTF-8 mapping file for font encoding PU
)

Package hyperref Warning: Unexpected value for option `pdftex'
(hyperref)                is ignored on input line 4393.

Package hyperref Info: Option `colorlinks' set `true' on input line 4393.
Package hyperref Info: Hyper figures OFF on input line 4519.
Package hyperref Info: Link nesting OFF on input line 4524.
Package hyperref Info: Hyper index ON on input line 4527.
Package hyperref Info: Plain pages OFF on input line 4534.
Package hyperref Info: Backreferencing OFF on input line 4539.
Package hyperref Info: Implicit mode ON; LaTeX internals redefined.
Package hyperref Info: Bookmarks ON on input line 4772.
\c@Hy@tempcnt=\count91
("C:\Users\Papa Smerf\AppData\Roaming\MiKTeX\2.9\tex/latex/url\url.sty"
\Urlmuskip=\muskip10
Package: url 2013/09/16  ver 3.4  Verb mode for urls, etc.
)
LaTeX Info: Redefining \url on input line 5125.
\XeTeXLinkMargin=\dimen104
\Fld@menulength=\count92
\Field@Width=\dimen105
\Fld@charsize=\dimen106
Package hyperref Info: Hyper figures OFF on input line 6380.
Package hyperref Info: Link nesting OFF on input line 6385.
Package hyperref Info: Hyper index ON on input line 6388.
Package hyperref Info: backreferencing OFF on input line 6395.
Package hyperref Info: Link coloring ON on input line 6398.
Package hyperref Info: Link coloring with OCG OFF on input line 6405.
Package hyperref Info: PDF/A mode OFF on input line 6410.
LaTeX Info: Redefining \ref on input line 6450.
LaTeX Info: Redefining \pageref on input line 6454.
\Hy@abspage=\count93
\c@Item=\count94
\c@Hfootnote=\count95
)
Package hyperref Info: Driver: hpdftex.

(E:\Programy\Miktex\tex/latex/hyperref\hpdftex.def
File: hpdftex.def 2018/11/30 v6.88e Hyperref driver for pdfTeX
\Fld@listcount=\count96
\c@bookmark@seq@number=\count97

(E:\Programy\Miktex\tex/latex/oberdiek\rerunfilecheck.sty
Package: rerunfilecheck 2016/05/16 v1.8 Rerun checks for auxiliary files (HO)
Package uniquecounter Info: New unique counter `rerunfilecheck' on input line 2
82.
)
\Hy@SectionHShift=\skip46
)
(E:\Programy\Miktex\tex/latex/geometry\geometry.sty
Package: geometry 2018/04/16 v5.8 Page Geometry
\Gm@cnth=\count98
\Gm@cntv=\count99
\c@Gm@tempcnt=\count100
\Gm@bindingoffset=\dimen107
\Gm@wd@mp=\dimen108
\Gm@odd@mp=\dimen109
\Gm@even@mp=\dimen110
\Gm@layoutwidth=\dimen111
\Gm@layoutheight=\dimen112
\Gm@layouthoffset=\dimen113
\Gm@layoutvoffset=\dimen114
\Gm@dimlist=\toks17

(E:\Programy\Miktex\tex/latex/geometry\geometry.cfg))
(E:\Programy\Miktex\tex/generic/babel\babel.sty
Package: babel 2018/11/13 3.27 The Babel package

(E:\Programy\Miktex\tex/generic/babel\switch.def
File: switch.def 2018/11/13 3.27 Babel switching mechanism
)
*************************************
* Local config file bblopts.cfg used
*
("C:\Users\Papa Smerf\AppData\Roaming\MiKTeX\2.9\tex/latex/arabi\bblopts.cfg"
File: bblopts.cfg 2005/09/08 v0.1 add Arabic and Farsi to "declared" options of
 babel
)
("C:\Users\Papa Smerf\AppData\Roaming\MiKTeX\2.9\tex/latex/babel-polish\polish.
ldf"
Language: polish 2005/03/31 v1.2l Polish support from the babel system
 (E:\Programy\Miktex\tex/generic/babel\babel.def
File: babel.def 2018/11/13 3.27 Babel common definitions
\babel@savecnt=\count101
\U@D=\dimen115

(E:\Programy\Miktex\tex/generic/babel\txtbabel.def)
\bbl@dirlevel=\count102
)
Package babel Info: Making " an active character on input line 83.
\pl@left=\dimen116
\pl@down=\dimen117
\pl@right=\dimen118
\pl@temp=\dimen119
))
(E:\Programy\Miktex\tex/latex/tools\enumerate.sty
Package: enumerate 2015/07/23 v3.00 enumerate extensions (DPC)
\@enLab=\toks18
)
(E:\Programy\Miktex\tex/latex/tools\indentfirst.sty
Package: indentfirst 1995/11/23 v1.03 Indent first paragraph (DPC)
)
(E:\Programy\Miktex\tex/latex/base\fontenc.sty
Package: fontenc 2018/08/11 v2.0j Standard LaTeX package

(E:\Programy\Miktex\tex/latex/base\t1enc.def
File: t1enc.def 2018/08/11 v2.0j Standard LaTeX file
LaTeX Font Info:    Redeclaring font encoding T1 on input line 48.
))
(E:\Programy\Miktex\tex/latex/graphics\graphicx.sty
Package: graphicx 2017/06/01 v1.1a Enhanced LaTeX Graphics (DPC,SPQR)

(E:\Programy\Miktex\tex/latex/graphics\graphics.sty
Package: graphics 2017/06/25 v1.2c Standard LaTeX Graphics (DPC,SPQR)

(E:\Programy\Miktex\tex/latex/graphics\trig.sty
Package: trig 2016/01/03 v1.10 sin cos tan (DPC)
)
(E:\Programy\Miktex\tex/latex/graphics-cfg\graphics.cfg
File: graphics.cfg 2016/06/04 v1.11 sample graphics configuration
)
Package graphics Info: Driver file: pdftex.def on input line 99.
)
\Gin@req@height=\dimen120
\Gin@req@width=\dimen121
)
(E:\Programy\Miktex\tex/latex/oberdiek\epstopdf.sty
Package: epstopdf 2016/05/15 v2.6 Conversion with epstopdf on the fly (HO)

(E:\Programy\Miktex\tex/latex/oberdiek\epstopdf-base.sty
Package: epstopdf-base 2016/05/15 v2.6 Base part for package epstopdf

(E:\Programy\Miktex\tex/latex/oberdiek\grfext.sty
Package: grfext 2016/05/16 v1.2 Manage graphics extensions (HO)
)
Package epstopdf-base Info: Redefining graphics rule for `.eps' on input line 4
38.
Package grfext Info: Graphics extension search list:
(grfext)             [.pdf,.png,.jpg,.mps,.jpeg,.jbig2,.jb2,.PDF,.PNG,.JPG,.JPE
G,.JBIG2,.JB2,.eps]
(grfext)             \AppendGraphicsExtensions on input line 456.
)
Package grfext Info: Graphics extension search list:
(grfext)             [.eps,.pdf,.png,.jpg,.mps,.jpeg,.jbig2,.jb2,.PDF,.PNG,.JPG
,.JPEG,.JBIG2,.JB2]
(grfext)             \PrependGraphicsExtensions on input line 150.
)
(E:\Programy\Miktex\tex/latex/graphics\rotating.sty
Package: rotating 2016/08/11 v2.16d rotated objects in LaTeX
\c@r@tfl@t=\count103
\rotFPtop=\skip47
\rotFPbot=\skip48
\rot@float@box=\box27
\rot@mess@toks=\toks19
)
("C:\Users\Papa Smerf\AppData\Roaming\MiKTeX\2.9\tex/latex/subfigure\subfigure.
sty"
Package: subfigure 2002/07/30 v2.1.4 subfigure package
\subfigtopskip=\skip49
\subfigcapskip=\skip50
\subfigcaptopadj=\dimen122
\subfigbottomskip=\skip51
\subfigcapmargin=\dimen123
\subfiglabelskip=\skip52
\c@subfigure=\count104
\c@lofdepth=\count105
\c@subtable=\count106
\c@lotdepth=\count107

****************************************
* Local config file subfigure.cfg used *
****************************************

("C:\Users\Papa Smerf\AppData\Roaming\MiKTeX\2.9\tex/latex/subfigure\subfigure.
cfg")
\subfig@top=\skip53
\subfig@bottom=\skip54
) ("C:\Users\Papa Smerf\AppData\Roaming\MiKTeX\2.9\tex/latex/eepic\epic.sty"
Enhancements to Picture Environment. Version 1.2 - Released June 1, 1986
\@@multicnt=\count108
\d@lta=\count109
\@delta=\dimen124
\@@delta=\dimen125
\@gridcnt=\count110
\@joinkind=\count111
\@dotgap=\dimen126
\@ddotgap=\dimen127
\@x@diff=\count112
\@y@diff=\count113
\x@diff=\dimen128
\y@diff=\dimen129
\@dotbox=\box28
\num@segments=\count114
\num@segmentsi=\count115
\@datafile=\read1
) ("C:\Users\Papa Smerf\AppData\Roaming\MiKTeX\2.9\tex/latex/psfrag\psfrag.sty"
Package: psfrag 1998/04/11 v3.04 PSfrag (MCG)
\pfg@pcount=\count116
\pfg@scount=\count117
\pfg@temp=\write3
) (E:\Programy\Miktex\tex/latex/amsfonts\amsfonts.sty
Package: amsfonts 2013/01/14 v3.01 Basic AMSFonts support
\@emptytoks=\toks20
\symAMSa=\mathgroup4
\symAMSb=\mathgroup5
LaTeX Font Info:    Overwriting math alphabet `\mathfrak' in version `bold'
(Font)                  U/euf/m/n --> U/euf/b/n on input line 106.
)
(E:\Programy\Miktex\tex/latex/amsmath\amsmath.sty
Package: amsmath 2018/12/01 v2.17b AMS math features
\@mathmargin=\skip55

For additional information on amsmath, use the `?' option.
(E:\Programy\Miktex\tex/latex/amsmath\amstext.sty
Package: amstext 2000/06/29 v2.01 AMS text

(E:\Programy\Miktex\tex/latex/amsmath\amsgen.sty
File: amsgen.sty 1999/11/30 v2.0 generic functions
\@emptytoks=\toks21
\ex@=\dimen130
))
(E:\Programy\Miktex\tex/latex/amsmath\amsbsy.sty
Package: amsbsy 1999/11/29 v1.2d Bold Symbols
\pmbraise@=\dimen131
)
(E:\Programy\Miktex\tex/latex/amsmath\amsopn.sty
Package: amsopn 2016/03/08 v2.02 operator names
)
\inf@bad=\count118
LaTeX Info: Redefining \frac on input line 223.
\uproot@=\count119
\leftroot@=\count120
LaTeX Info: Redefining \overline on input line 385.
\classnum@=\count121
\DOTSCASE@=\count122
LaTeX Info: Redefining \ldots on input line 482.
LaTeX Info: Redefining \dots on input line 485.
LaTeX Info: Redefining \cdots on input line 606.
\Mathstrutbox@=\box29
\strutbox@=\box30
\big@size=\dimen132
LaTeX Font Info:    Redeclaring font encoding OML on input line 729.
LaTeX Font Info:    Redeclaring font encoding OMS on input line 730.
\macc@depth=\count123
\c@MaxMatrixCols=\count124
\dotsspace@=\muskip11
\c@parentequation=\count125
\dspbrk@lvl=\count126
\tag@help=\toks22
\row@=\count127
\column@=\count128
\maxfields@=\count129
\andhelp@=\toks23
\eqnshift@=\dimen133
\alignsep@=\dimen134
\tagshift@=\dimen135
\tagwidth@=\dimen136
\totwidth@=\dimen137
\lineht@=\dimen138
\@envbody=\toks24
\multlinegap=\skip56
\multlinetaggap=\skip57
\mathdisplay@stack=\toks25
LaTeX Info: Redefining \[ on input line 2844.
LaTeX Info: Redefining \] on input line 2845.
)
("C:\Users\Papa Smerf\AppData\Roaming\MiKTeX\2.9\tex/latex/fp\fp.sty"
Package: fp 1995/04/02

`Fixed Point Package', Version 0.8, April 2, 1995 (C) Michael Mehlich
("C:\Users\Papa Smerf\AppData\Roaming\MiKTeX\2.9\tex/latex/fp\defpattern.sty"
Package: defpattern 1994/10/12
\actioncount=\count130
)
("C:\Users\Papa Smerf\AppData\Roaming\MiKTeX\2.9\tex/latex/fp\fp-basic.sty"
Package: fp-basic 1996/05/13
\FP@xs=\count131
\FP@xia=\count132
\FP@xib=\count133
\FP@xfa=\count134
\FP@xfb=\count135
\FP@rega=\count136
\FP@regb=\count137
\FP@regs=\count138
\FP@times=\count139
)
("C:\Users\Papa Smerf\AppData\Roaming\MiKTeX\2.9\tex/latex/fp\fp-addons.sty"
Package: fp-addons 1995/03/15
)
("C:\Users\Papa Smerf\AppData\Roaming\MiKTeX\2.9\tex/latex/fp\fp-snap.sty"
Package: fp-snap 1995/04/05
)
("C:\Users\Papa Smerf\AppData\Roaming\MiKTeX\2.9\tex/latex/fp\fp-exp.sty"
Package: fp-exp 1995/04/03
)
("C:\Users\Papa Smerf\AppData\Roaming\MiKTeX\2.9\tex/latex/fp\fp-trigo.sty"
Package: fp-trigo 1995/04/14
)
("C:\Users\Papa Smerf\AppData\Roaming\MiKTeX\2.9\tex/latex/fp\fp-pas.sty"
Package: fp-pas 1994/08/29
)
("C:\Users\Papa Smerf\AppData\Roaming\MiKTeX\2.9\tex/latex/fp\fp-random.sty"
Package: fp-random 1995/02/23
\FPseed=\count140
)
("C:\Users\Papa Smerf\AppData\Roaming\MiKTeX\2.9\tex/latex/fp\fp-eqn.sty"
Package: fp-eqn 1995/04/03
)
("C:\Users\Papa Smerf\AppData\Roaming\MiKTeX\2.9\tex/latex/fp\fp-upn.sty"
Package: fp-upn 1996/10/21
)
("C:\Users\Papa Smerf\AppData\Roaming\MiKTeX\2.9\tex/latex/fp\fp-eval.sty"
Package: fp-eval 1995/04/03
))
(E:\Programy\Miktex\tex/latex/tools\calc.sty
Package: calc 2017/05/25 v4.3 Infix arithmetic (KKT,FJ)
\calc@Acount=\count141
\calc@Bcount=\count142
\calc@Adimen=\dimen139
\calc@Bdimen=\dimen140
\calc@Askip=\skip58
\calc@Bskip=\skip59
LaTeX Info: Redefining \setlength on input line 80.
LaTeX Info: Redefining \addtolength on input line 81.
\calc@Ccount=\count143
\calc@Cskip=\skip60
)
("C:\Users\Papa Smerf\AppData\Roaming\MiKTeX\2.9\tex/latex/leftidx\leftidx.sty"
Package: leftidx 2003/09/24 v1.03 Left indices
)
("C:\Users\Papa Smerf\AppData\Roaming\MiKTeX\2.9\tex/latex/supertabular\superta
bular.sty"
Package: supertabular 2004/02/20 v4.1e the supertabular environment
\c@tracingst=\count144
\ST@wd=\dimen141
\ST@rightskip=\skip61
\ST@leftskip=\skip62
\ST@parfillskip=\skip63
\ST@pageleft=\dimen142
\ST@headht=\dimen143
\ST@tailht=\dimen144
\ST@pagesofar=\dimen145
\ST@pboxht=\dimen146
\ST@lineht=\dimen147
\ST@stretchht=\dimen148
\ST@prevht=\dimen149
\ST@toadd=\dimen150
\ST@dimen=\dimen151
\ST@pbox=\box31
) (E:\Programy\Miktex\tex/latex/tools\array.sty
Package: array 2018/12/30 v2.4k Tabular extension package (FMi)
\col@sep=\dimen152
\ar@mcellbox=\box32
\extrarowheight=\dimen153
\NC@list=\toks26
\extratabsurround=\skip64
\backup@length=\skip65
\ar@cellbox=\box33
)
(E:\Programy\Miktex\tex/latex/tools\tabularx.sty
Package: tabularx 2016/02/03 v2.11b `tabularx' package (DPC)
\TX@col@width=\dimen154
\TX@old@table=\dimen155
\TX@old@col=\dimen156
\TX@target=\dimen157
\TX@delta=\dimen158
\TX@cols=\count145
\TX@ftn=\toks27
)
(E:\Programy\Miktex\tex/latex/tools\hhline.sty
Package: hhline 2014/10/28 v2.03 Table rule package (DPC)
)
(E:\Programy\Miktex\tex/latex/tools\longtable.sty
Package: longtable 2014/10/28 v4.11 Multi-page Table package (DPC)+ FMi change
\LTleft=\skip66
\LTright=\skip67
\LTpre=\skip68
\LTpost=\skip69
\LTchunksize=\count146
\LTcapwidth=\dimen159
\LT@head=\box34
\LT@firsthead=\box35
\LT@foot=\box36
\LT@lastfoot=\box37
\LT@cols=\count147
\LT@rows=\count148
\c@LT@tables=\count149
\c@LT@chunks=\count150
\LT@p@ftn=\toks28
)
(E:\Programy\Miktex\tex/latex/tools\multicol.sty
Package: multicol 2018/12/27 v1.8v multicolumn formatting (FMi)
\c@tracingmulticols=\count151
\mult@box=\box38
\multicol@leftmargin=\dimen160
\c@unbalance=\count152
\c@collectmore=\count153
\doublecol@number=\count154
\multicoltolerance=\count155
\multicolpretolerance=\count156
\full@width=\dimen161
\page@free=\dimen162
\premulticols=\dimen163
\postmulticols=\dimen164
\multicolsep=\skip70
\multicolbaselineskip=\skip71
\partial@page=\box39
\last@line=\box40
\maxbalancingoverflow=\dimen165
\mult@rightbox=\box41
\mult@grightbox=\box42
\mult@gfirstbox=\box43
\mult@firstbox=\box44
\@tempa=\box45
\@tempa=\box46
\@tempa=\box47
\@tempa=\box48
\@tempa=\box49
\@tempa=\box50
\@tempa=\box51
\@tempa=\box52
\@tempa=\box53
\@tempa=\box54
\@tempa=\box55
\@tempa=\box56
\@tempa=\box57
\@tempa=\box58
\@tempa=\box59
\@tempa=\box60
\@tempa=\box61
\c@columnbadness=\count157
\c@finalcolumnbadness=\count158
\last@try=\dimen166
\multicolovershoot=\dimen167
\multicolundershoot=\dimen168
\mult@nat@firstbox=\box62
\colbreak@box=\box63
\mc@col@check@num=\count159
)
("C:\Users\Papa Smerf\AppData\Roaming\MiKTeX\2.9\tex/latex/cite\cite.sty"
LaTeX Info: Redefining \cite on input line 302.
LaTeX Info: Redefining \nocite on input line 332.
Package: cite 2015/02/27  v 5.5
)
(E:\Programy\Miktex\tex/latex/float\float.sty
Package: float 2001/11/08 v1.3d Float enhancements (AL)
\c@float@type=\count160
\float@exts=\toks29
\float@box=\box64
\@float@everytoks=\toks30
\@floatcapt=\box65
)
("C:\Users\Papa Smerf\AppData\Roaming\MiKTeX\2.9\tex/latex/listings\listings.st
y"
\lst@mode=\count161
\lst@gtempboxa=\box66
\lst@token=\toks31
\lst@length=\count162
\lst@currlwidth=\dimen169
\lst@column=\count163
\lst@pos=\count164
\lst@lostspace=\dimen170
\lst@width=\dimen171
\lst@newlines=\count165
\lst@lineno=\count166
\lst@maxwidth=\dimen172

("C:\Users\Papa Smerf\AppData\Roaming\MiKTeX\2.9\tex/latex/listings\lstmisc.sty
"
File: lstmisc.sty 2019/02/27 1.8b (Carsten Heinz)
\c@lstnumber=\count167
\lst@skipnumbers=\count168
\lst@framebox=\box67
)
("C:\Users\Papa Smerf\AppData\Roaming\MiKTeX\2.9\tex/latex/listings\listings.cf
g"
File: listings.cfg 2019/02/27 1.8b listings configuration
))
Package: listings 2019/02/27 1.8b (Carsten Heinz)

("C:\Users\Papa Smerf\AppData\Roaming\MiKTeX\2.9\tex/latex/listings\lstlang1.st
y"
File: lstlang1.sty 2019/02/27 1.8b listings language file
)
("C:\Users\Papa Smerf\AppData\Roaming\MiKTeX\2.9\tex/latex/listings\lstmisc.sty
"
File: lstmisc.sty 2019/02/27 1.8b (Carsten Heinz)
) (E:\Programy\Miktex\tex/latex/tools\verbatim.sty
Package: verbatim 2014/10/28 v1.5q LaTeX2e package for verbatim enhancements
\every@verbatim=\toks32
\verbatim@line=\toks33
\verbatim@in@stream=\read2
)
("C:\Users\Papa Smerf\AppData\Roaming\MiKTeX\2.9\tex/latex/upquote\upquote.sty"
Package: upquote 2012/04/19 v1.3 upright-quote and grave-accent glyphs in verba
tim
(E:\Programy\Miktex\tex/latex/base\textcomp.sty
Package: textcomp 2018/08/11 v2.0j Standard LaTeX package
Package textcomp Info: Sub-encoding information:
(textcomp)               5 = only ISO-Adobe without \textcurrency
(textcomp)               4 = 5 + \texteuro
(textcomp)               3 = 4 + \textohm
(textcomp)               2 = 3 + \textestimated + \textcurrency
(textcomp)               1 = TS1 - \textcircled - \t
(textcomp)               0 = TS1 (full)
(textcomp)             Font families with sub-encoding setting implement
(textcomp)             only a restricted character set as indicated.
(textcomp)             Family '?' is the default used for unknown fonts.
(textcomp)             See the documentation for details.
Package textcomp Info: Setting ? sub-encoding to TS1/1 on input line 79.

(E:\Programy\Miktex\tex/latex/base\ts1enc.def
File: ts1enc.def 2001/06/05 v3.0e (jk/car/fm) Standard LaTeX file
Now handling font encoding TS1 ...
... processing UTF-8 mapping file for font encoding TS1

(E:\Programy\Miktex\tex/latex/base\ts1enc.dfu
File: ts1enc.dfu 2018/10/05 v1.2f UTF-8 support for inputenc
   defining Unicode char U+00A2 (decimal 162)
   defining Unicode char U+00A3 (decimal 163)
   defining Unicode char U+00A4 (decimal 164)
   defining Unicode char U+00A5 (decimal 165)
   defining Unicode char U+00A6 (decimal 166)
   defining Unicode char U+00A7 (decimal 167)
   defining Unicode char U+00A8 (decimal 168)
   defining Unicode char U+00A9 (decimal 169)
   defining Unicode char U+00AA (decimal 170)
   defining Unicode char U+00AC (decimal 172)
   defining Unicode char U+00AE (decimal 174)
   defining Unicode char U+00AF (decimal 175)
   defining Unicode char U+00B0 (decimal 176)
   defining Unicode char U+00B1 (decimal 177)
   defining Unicode char U+00B2 (decimal 178)
   defining Unicode char U+00B3 (decimal 179)
   defining Unicode char U+00B4 (decimal 180)
   defining Unicode char U+00B5 (decimal 181)
   defining Unicode char U+00B6 (decimal 182)
   defining Unicode char U+00B7 (decimal 183)
   defining Unicode char U+00B9 (decimal 185)
   defining Unicode char U+00BA (decimal 186)
   defining Unicode char U+00BC (decimal 188)
   defining Unicode char U+00BD (decimal 189)
   defining Unicode char U+00BE (decimal 190)
   defining Unicode char U+00D7 (decimal 215)
   defining Unicode char U+00F7 (decimal 247)
   defining Unicode char U+0192 (decimal 402)
   defining Unicode char U+02C7 (decimal 711)
   defining Unicode char U+02D8 (decimal 728)
   defining Unicode char U+02DD (decimal 733)
   defining Unicode char U+0E3F (decimal 3647)
   defining Unicode char U+2016 (decimal 8214)
   defining Unicode char U+2020 (decimal 8224)
   defining Unicode char U+2021 (decimal 8225)
   defining Unicode char U+2022 (decimal 8226)
   defining Unicode char U+2030 (decimal 8240)
   defining Unicode char U+2031 (decimal 8241)
   defining Unicode char U+203B (decimal 8251)
   defining Unicode char U+203D (decimal 8253)
   defining Unicode char U+2044 (decimal 8260)
   defining Unicode char U+204E (decimal 8270)
   defining Unicode char U+2052 (decimal 8274)
   defining Unicode char U+20A1 (decimal 8353)
   defining Unicode char U+20A4 (decimal 8356)
   defining Unicode char U+20A6 (decimal 8358)
   defining Unicode char U+20A9 (decimal 8361)
   defining Unicode char U+20AB (decimal 8363)
   defining Unicode char U+20AC (decimal 8364)
   defining Unicode char U+20B1 (decimal 8369)
   defining Unicode char U+2103 (decimal 8451)
   defining Unicode char U+2116 (decimal 8470)
   defining Unicode char U+2117 (decimal 8471)
   defining Unicode char U+211E (decimal 8478)
   defining Unicode char U+2120 (decimal 8480)
   defining Unicode char U+2122 (decimal 8482)
   defining Unicode char U+2126 (decimal 8486)
   defining Unicode char U+2127 (decimal 8487)
   defining Unicode char U+212E (decimal 8494)
   defining Unicode char U+2190 (decimal 8592)
   defining Unicode char U+2191 (decimal 8593)
   defining Unicode char U+2192 (decimal 8594)
   defining Unicode char U+2193 (decimal 8595)
   defining Unicode char U+2329 (decimal 9001)
   defining Unicode char U+232A (decimal 9002)
   defining Unicode char U+2422 (decimal 9250)
   defining Unicode char U+25E6 (decimal 9702)
   defining Unicode char U+25EF (decimal 9711)
   defining Unicode char U+266A (decimal 9834)
   defining Unicode char U+FEFF (decimal 65279)
))
LaTeX Info: Redefining \oldstylenums on input line 334.
Package textcomp Info: Setting cmr sub-encoding to TS1/0 on input line 349.
Package textcomp Info: Setting cmss sub-encoding to TS1/0 on input line 350.
Package textcomp Info: Setting cmtt sub-encoding to TS1/0 on input line 351.
Package textcomp Info: Setting cmvtt sub-encoding to TS1/0 on input line 352.
Package textcomp Info: Setting cmbr sub-encoding to TS1/0 on input line 353.
Package textcomp Info: Setting cmtl sub-encoding to TS1/0 on input line 354.
Package textcomp Info: Setting ccr sub-encoding to TS1/0 on input line 355.
Package textcomp Info: Setting ptm sub-encoding to TS1/4 on input line 356.
Package textcomp Info: Setting pcr sub-encoding to TS1/4 on input line 357.
Package textcomp Info: Setting phv sub-encoding to TS1/4 on input line 358.
Package textcomp Info: Setting ppl sub-encoding to TS1/3 on input line 359.
Package textcomp Info: Setting pag sub-encoding to TS1/4 on input line 360.
Package textcomp Info: Setting pbk sub-encoding to TS1/4 on input line 361.
Package textcomp Info: Setting pnc sub-encoding to TS1/4 on input line 362.
Package textcomp Info: Setting pzc sub-encoding to TS1/4 on input line 363.
Package textcomp Info: Setting bch sub-encoding to TS1/4 on input line 364.
Package textcomp Info: Setting put sub-encoding to TS1/5 on input line 365.
Package textcomp Info: Setting uag sub-encoding to TS1/5 on input line 366.
Package textcomp Info: Setting ugq sub-encoding to TS1/5 on input line 367.
Package textcomp Info: Setting ul8 sub-encoding to TS1/4 on input line 368.
Package textcomp Info: Setting ul9 sub-encoding to TS1/4 on input line 369.
Package textcomp Info: Setting augie sub-encoding to TS1/5 on input line 370.
Package textcomp Info: Setting dayrom sub-encoding to TS1/3 on input line 371.
Package textcomp Info: Setting dayroms sub-encoding to TS1/3 on input line 372.

Package textcomp Info: Setting pxr sub-encoding to TS1/0 on input line 373.
Package textcomp Info: Setting pxss sub-encoding to TS1/0 on input line 374.
Package textcomp Info: Setting pxtt sub-encoding to TS1/0 on input line 375.
Package textcomp Info: Setting txr sub-encoding to TS1/0 on input line 376.
Package textcomp Info: Setting txss sub-encoding to TS1/0 on input line 377.
Package textcomp Info: Setting txtt sub-encoding to TS1/0 on input line 378.
Package textcomp Info: Setting lmr sub-encoding to TS1/0 on input line 379.
Package textcomp Info: Setting lmdh sub-encoding to TS1/0 on input line 380.
Package textcomp Info: Setting lmss sub-encoding to TS1/0 on input line 381.
Package textcomp Info: Setting lmssq sub-encoding to TS1/0 on input line 382.
Package textcomp Info: Setting lmvtt sub-encoding to TS1/0 on input line 383.
Package textcomp Info: Setting lmtt sub-encoding to TS1/0 on input line 384.
Package textcomp Info: Setting qhv sub-encoding to TS1/0 on input line 385.
Package textcomp Info: Setting qag sub-encoding to TS1/0 on input line 386.
Package textcomp Info: Setting qbk sub-encoding to TS1/0 on input line 387.
Package textcomp Info: Setting qcr sub-encoding to TS1/0 on input line 388.
Package textcomp Info: Setting qcs sub-encoding to TS1/0 on input line 389.
Package textcomp Info: Setting qpl sub-encoding to TS1/0 on input line 390.
Package textcomp Info: Setting qtm sub-encoding to TS1/0 on input line 391.
Package textcomp Info: Setting qzc sub-encoding to TS1/0 on input line 392.
Package textcomp Info: Setting qhvc sub-encoding to TS1/0 on input line 393.
Package textcomp Info: Setting futs sub-encoding to TS1/4 on input line 394.
Package textcomp Info: Setting futx sub-encoding to TS1/4 on input line 395.
Package textcomp Info: Setting futj sub-encoding to TS1/4 on input line 396.
Package textcomp Info: Setting hlh sub-encoding to TS1/3 on input line 397.
Package textcomp Info: Setting hls sub-encoding to TS1/3 on input line 398.
Package textcomp Info: Setting hlst sub-encoding to TS1/3 on input line 399.
Package textcomp Info: Setting hlct sub-encoding to TS1/5 on input line 400.
Package textcomp Info: Setting hlx sub-encoding to TS1/5 on input line 401.
Package textcomp Info: Setting hlce sub-encoding to TS1/5 on input line 402.
Package textcomp Info: Setting hlcn sub-encoding to TS1/5 on input line 403.
Package textcomp Info: Setting hlcw sub-encoding to TS1/5 on input line 404.
Package textcomp Info: Setting hlcf sub-encoding to TS1/5 on input line 405.
Package textcomp Info: Setting pplx sub-encoding to TS1/3 on input line 406.
Package textcomp Info: Setting pplj sub-encoding to TS1/3 on input line 407.
Package textcomp Info: Setting ptmx sub-encoding to TS1/4 on input line 408.
Package textcomp Info: Setting ptmj sub-encoding to TS1/4 on input line 409.
))
\c@Dn=\count169
\c@Ex=\count170
) ("sprawozdanie 6.aux")
\openout1 = `"sprawozdanie 6.aux"'.

LaTeX Font Info:    Checking defaults for OML/cmm/m/it on input line 33.
LaTeX Font Info:    ... okay on input line 33.
LaTeX Font Info:    Checking defaults for T1/cmr/m/n on input line 33.
LaTeX Font Info:    ... okay on input line 33.
LaTeX Font Info:    Checking defaults for OT1/cmr/m/n on input line 33.
LaTeX Font Info:    ... okay on input line 33.
LaTeX Font Info:    Checking defaults for OMS/cmsy/m/n on input line 33.
LaTeX Font Info:    ... okay on input line 33.
LaTeX Font Info:    Checking defaults for OMX/cmex/m/n on input line 33.
LaTeX Font Info:    ... okay on input line 33.
LaTeX Font Info:    Checking defaults for U/cmr/m/n on input line 33.
LaTeX Font Info:    ... okay on input line 33.
LaTeX Font Info:    Checking defaults for OT4/cmr/m/n on input line 33.
LaTeX Font Info:    ... okay on input line 33.
LaTeX Font Info:    Checking defaults for PD1/pdf/m/n on input line 33.
LaTeX Font Info:    ... okay on input line 33.
LaTeX Font Info:    Checking defaults for PU/pdf/m/n on input line 33.
LaTeX Font Info:    ... okay on input line 33.
LaTeX Font Info:    Checking defaults for TS1/cmr/m/n on input line 33.
LaTeX Font Info:    Try loading font information for TS1+cmr on input line 33.

(E:\Programy\Miktex\tex/latex/base\ts1cmr.fd
File: ts1cmr.fd 2014/09/29 v2.5h Standard LaTeX font definitions
)
LaTeX Font Info:    ... okay on input line 33.

("C:\Users\Papa Smerf\AppData\Roaming\MiKTeX\2.9\tex/context/base/mkii\supp-pdf
.mkii"
[Loading MPS to PDF converter (version 2006.09.02).]
\scratchcounter=\count171
\scratchdimen=\dimen173
\scratchbox=\box68
\nofMPsegments=\count172
\nofMParguments=\count173
\everyMPshowfont=\toks34
\MPscratchCnt=\count174
\MPscratchDim=\dimen174
\MPnumerator=\count175
\makeMPintoPDFobject=\count176
\everyMPtoPDFconversion=\toks35
)
\AtBeginShipoutBox=\box69
Package hyperref Info: Link coloring ON on input line 33.
 (E:\Programy\Miktex\tex/latex/hyperref\nameref.sty
Package: nameref 2016/05/21 v2.44 Cross-referencing by name of section

(E:\Programy\Miktex\tex/generic/oberdiek\gettitlestring.sty
Package: gettitlestring 2016/05/16 v1.5 Cleanup title references (HO)
)
\c@section@level=\count177
)
LaTeX Info: Redefining \ref on input line 33.
LaTeX Info: Redefining \pageref on input line 33.
LaTeX Info: Redefining \nameref on input line 33.

("sprawozdanie 6.out") ("sprawozdanie 6.out")
\@outlinefile=\write4
\openout4 = `"sprawozdanie 6.out"'.


*geometry* driver: auto-detecting
*geometry* detected driver: pdftex
*geometry* verbose mode - [ preamble ] result:
* driver: pdftex
* paper: a4paper
* layout: <same size as paper>
* layoutoffset:(h,v)=(0.0pt,0.0pt)
* modes: 
* h-part:(L,W,R)=(71.13188pt, 455.24411pt, 71.13188pt)
* v-part:(T,H,B)=(71.13188pt, 702.78308pt, 71.13188pt)
* \paperwidth=597.50787pt
* \paperheight=845.04684pt
* \textwidth=455.24411pt
* \textheight=702.78308pt
* \oddsidemargin=-1.1381pt
* \evensidemargin=-1.1381pt
* \topmargin=-47.28133pt
* \headheight=12.0pt
* \headsep=34.14322pt
* \topskip=10.0pt
* \footskip=30.0pt
* \marginparwidth=57.0pt
* \marginparsep=11.0pt
* \columnsep=10.0pt
* \skip\footins=9.0pt plus 4.0pt minus 2.0pt
* \hoffset=0.0pt
* \voffset=0.0pt
* \mag=1000
* \@twocolumnfalse
* \@twosidefalse
* \@mparswitchfalse
* \@reversemarginfalse
* (1in=72.27pt=25.4mm, 1cm=28.453pt)

\c@lstlisting=\count178
[1
Non-PDF special ignored!
<special> header=psfrag.pro



{C:/Users/Papa Smerf/AppData/Local/MiKTeX/2.9/pdftex/config/pdftex.map}]
("sprawozdanie 6.toc"
LaTeX Font Info:    Try loading font information for OML+plm on input line 4.

("C:\Users\Papa Smerf\AppData\Roaming\MiKTeX\2.9\tex/latex/polski\omlplm.fd"
File: omlplm.fd 2008/02/24 v1.2.1 Font defs for fonts PL (MW)
)
LaTeX Font Info:    Try loading font information for OMS+plsy on input line 4.

("C:\Users\Papa Smerf\AppData\Roaming\MiKTeX\2.9\tex/latex/polski\omsplsy.fd"
File: omsplsy.fd 2008/02/24 v1.2.1 Font defs for fonts PL (MW)
)
LaTeX Font Info:    Try loading font information for OMX+plex on input line 4.

("C:\Users\Papa Smerf\AppData\Roaming\MiKTeX\2.9\tex/latex/polski\omxplex.fd"
File: omxplex.fd 2008/02/24 v1.2.1 Font defs for fonts PL (MW)
)
LaTeX Font Info:    External font `plex10' loaded for size
(Font)              <10> on input line 4.
LaTeX Font Info:    External font `plex10' loaded for size
(Font)              <7> on input line 4.
LaTeX Font Info:    External font `plex10' loaded for size
(Font)              <5> on input line 4.
LaTeX Font Info:    Try loading font information for U+msa on input line 4.

(E:\Programy\Miktex\tex/latex/amsfonts\umsa.fd
File: umsa.fd 2013/01/14 v3.01 AMS symbols A
)
LaTeX Font Info:    Try loading font information for U+msb on input line 4.

(E:\Programy\Miktex\tex/latex/amsfonts\umsb.fd
File: umsb.fd 2013/01/14 v3.01 AMS symbols B
))
\tf@toc=\write5
\openout5 = `"sprawozdanie 6.toc"'.

pdfTeX warning (ext4): destination with the same identifier (name{page.1}) has 
been already used, duplicate ignored
<to be read again> 
                   \relax 
l.63 \newpage
              [1]
Underfull \hbox (badness 10000) in paragraph at lines 68--71

 []


Underfull \hbox (badness 10000) in paragraph at lines 68--71

 []

<figures/diag_uml.png, id=146, 583.17876pt x 221.82875pt>
File: figures/diag_uml.png Graphic file (type png)
<use figures/diag_uml.png>
Package pdftex.def Info: figures/diag_uml.png  used on input line 74.
(pdftex.def)             Requested size: 455.24411pt x 173.17125pt.
[2pdfTeX warning (ext4): destination with the same identifier (name{figure.1}) 
has been already used, duplicate ignored

\AtBegShi@Output ...ipout \box \AtBeginShipoutBox 
                                                  \fi \fi 
l.104 \newpage
               <./figures/diag_uml.png>]
<figures/harm1.png, id=160, 1209.76968pt x 424.58624pt>
File: figures/harm1.png Graphic file (type png)
<use figures/harm1.png>
Package pdftex.def Info: figures/harm1.png  used on input line 158.
(pdftex.def)             Requested size: 637.33897pt x 223.68207pt.
 [3] [4pdfTeX warning (ext4): destination with the same identifier (name{figure
.2}) has been already used, duplicate ignored

\AtBegShi@Output ...ipout \box \AtBeginShipoutBox 
                                                  \fi \fi 
l.169 			\item L
                ista wyboru prędkości połączenia <./figures/harm1.png>]
<figures/paint.png, id=182, 1445.4pt x 813.0375pt>
File: figures/paint.png Graphic file (type png)
<use figures/paint.png>
Package pdftex.def Info: figures/paint.png  used on input line 198.
(pdftex.def)             Requested size: 455.24411pt x 256.07095pt.

[5pdfTeX warning (ext4): destination with the same identifier (name{figure.3}) 
has been already used, duplicate ignored

\AtBegShi@Output ...ipout \box \AtBeginShipoutBox 
                                                  \fi \fi 
l.202 			\newpage
                  <./figures/paint.png>] [6]
<figures/opcje.png, id=211, 148.1535pt x 136.1085pt>
File: figures/opcje.png Graphic file (type png)
<use figures/opcje.png>
Package pdftex.def Info: figures/opcje.png  used on input line 265.
(pdftex.def)             Requested size: 136.57462pt x 125.48093pt.
<figures/okno_glowne.png, id=212, 252.34274pt x 213.1965pt>
File: figures/okno_glowne.png Graphic file (type png)
<use figures/okno_glowne.png>
Package pdftex.def Info: figures/okno_glowne.png  used on input line 274.
(pdftex.def)             Requested size: 182.09486pt x 153.85269pt.
 [7pdfTeX warning (ext4): destination with the same identifier (name{figure.4})
 has been already used, duplicate ignored

\AtBegShi@Output ...ipout \box \AtBeginShipoutBox 
                                                  \fi \fi 
l.278 			
          <./figures/opcje.png>]
<figures/serial_wyniki.png, id=222, 340.8735pt x 125.87025pt>
File: figures/serial_wyniki.png Graphic file (type png)
<use figures/serial_wyniki.png>
Package pdftex.def Info: figures/serial_wyniki.png  used on input line 310.
(pdftex.def)             Requested size: 273.14923pt x 100.86919pt.
 [8pdfTeX warning (ext4): destination with the same identifier (name{figure.5})
 has been already used, duplicate ignored

\AtBegShi@Output ...ipout \box \AtBeginShipoutBox 
                                                  \fi \fi 
l.313 		\end{figure}
                     <./figures/okno_glowne.png>]
<figures/okno_glowne1.png, id=230, 1155.1155pt x 549.252pt>
File: figures/okno_glowne1.png Graphic file (type png)
<use figures/okno_glowne1.png>
Package pdftex.def Info: figures/okno_glowne1.png  used on input line 320.
(pdftex.def)             Requested size: 446.13727pt x 212.13733pt.
<figures/wykresy.png, id=231, 560.0925pt x 461.3235pt>
File: figures/wykresy.png Graphic file (type png)
<use figures/wykresy.png>
Package pdftex.def Info: figures/wykresy.png  used on input line 329.
(pdftex.def)             Requested size: 455.24411pt x 374.97928pt.
 [9pdfTeX warning (ext4): destination with the same identifier (name{figure.6})
 has been already used, duplicate ignored

\AtBegShi@Output ...ipout \box \AtBeginShipoutBox 
                                                  \fi \fi 
l.333 			D
          o rysowania wykresów używam biblioteki zewnętrznej QCustomPlot....
pdfTeX warning (ext4): destination with the same identifier (name{figure.7}) ha
s been already used, duplicate ignored

\AtBegShi@Output ...ipout \box \AtBeginShipoutBox 
                                                  \fi \fi 
l.333 			D
          o rysowania wykresów używam biblioteki zewnętrznej QCustomPlot....
 <./figures/serial_wyniki.png> <./figures/okno_glowne1.png>] [10pdfTeX warning 
(ext4): destination with the same identifier (name{figure.8}) has been already 
used, duplicate ignored

\AtBegShi@Output ...ipout \box \AtBeginShipoutBox 
                                                  \fi \fi 
l.334 			\newpage
                  <./figures/wykresy.png>]
<figures/wizualizacja.png, id=249, 575.751pt x 481.8pt>
File: figures/wizualizacja.png Graphic file (type png)
<use figures/wizualizacja.png>
Package pdftex.def Info: figures/wizualizacja.png  used on input line 338.
(pdftex.def)             Requested size: 455.24411pt x 380.9707pt.
 [11pdfTeX warning (ext4): destination with the same identifier (name{figure.9}
) has been already used, duplicate ignored

\AtBegShi@Output ...ipout \box \AtBeginShipoutBox 
                                                  \fi \fi 
l.362 	
        <./figures/wizualizacja.png>]
<figures/oknoGlowneMin.png, id=260, 563.10374pt x 413.1435pt>
File: figures/oknoGlowneMin.png Graphic file (type png)
<use figures/oknoGlowneMin.png>
Package pdftex.def Info: figures/oknoGlowneMin.png  used on input line 371.
(pdftex.def)             Requested size: 409.71692pt x 300.6088pt.
 [12pdfTeX warning (ext4): destination with the same identifier (name{figure.10
}) has been already used, duplicate ignored

\AtBegShi@Output ...ipout \box \AtBeginShipoutBox 
                                                  \fi \fi 
l.375 ...iast wizualizacja $\frac{2}{3}$. \newpage
                                                   <./figures/oknoGlowneMin.png
>]
<figures/oknoGlowneMax.png, id=272, 1155.71774pt x 549.85425pt>
File: figures/oknoGlowneMax.png Graphic file (type png)
<use figures/oknoGlowneMax.png>
Package pdftex.def Info: figures/oknoGlowneMax.png  used on input line 379.
(pdftex.def)             Requested size: 455.24411pt x 216.59015pt.
<figures/options.png, id=273, 561.89925pt x 411.33675pt>
File: figures/options.png Graphic file (type png)
<use figures/options.png>
Package pdftex.def Info: figures/options.png  used on input line 387.
(pdftex.def)             Requested size: 455.24411pt x 333.26881pt.
 [13pdfTeX warning (ext4): destination with the same identifier (name{figure.11
}) has been already used, duplicate ignored

\AtBegShi@Output ...ipout \box \AtBeginShipoutBox 
                                                  \fi \fi 
l.392 	\section
               {Podsumowanie}pdfTeX warning (ext4): destination with the same i
dentifier (name{figure.12}) has been already used, duplicate ignored

\AtBegShi@Output ...ipout \box \AtBeginShipoutBox 
                                                  \fi \fi 
l.392 	\section
               {Podsumowanie} <./figures/oknoGlowneMax.png> <./figures/options.
png>]
Package atveryend Info: Empty hook `BeforeClearDocument' on input line 396.
 [14]
Package atveryend Info: Empty hook `AfterLastShipout' on input line 396.
 ("sprawozdanie 6.aux")
Package atveryend Info: Executing hook `AtVeryEndDocument' on input line 396.
Package atveryend Info: Executing hook `AtEndAfterFileList' on input line 396.
Package rerunfilecheck Info: File `"sprawozdanie 6".out' has not changed.
(rerunfilecheck)             Checksum: 41412D2603CC3631BB6469337868DC19;3810.
Package atveryend Info: Empty hook `AtVeryVeryEnd' on input line 396.
 ) 
Here is how much of TeX's memory you used:
 14655 strings out of 493801
 200860 string characters out of 3158050
 505833 words of memory out of 3000000
 18080 multiletter control sequences out of 15000+200000
 18447 words of font info for 44 fonts, out of 3000000 for 9000
 625 hyphenation exceptions out of 8191
 33i,8n,51p,1155b,441s stack positions out of 5000i,500n,10000p,200000b,50000s
{C:/Users/Papa Smerf/AppData/Roaming/MiKTeX/2.9/fonts/enc/dvips/pl/plmi.enc}{
C:/Users/Papa Smerf/AppData/Roaming/MiKTeX/2.9/fonts/enc/dvips/pl/plrm.enc}{C:/
Users/Papa Smerf/AppData/Roaming/MiKTeX/2.9/fonts/enc/dvips/pl/plms.enc} <C:\Us
ers\Papa Smerf\AppData\Local\MiKTeX\2.9\fonts/pk/ljfour/jknappen/ec/dpi600\tcrm
1000.pk> <C:\Users\Papa Smerf\AppData\Local\MiKTeX\2.9\fonts/pk/ljfour/jknappen
/ec/dpi600\ecbx1200.pk> <C:\Users\Papa Smerf\AppData\Local\MiKTeX\2.9\fonts/pk/
ljfour/jknappen/ec/dpi600\ecrm1000.pk> <C:\Users\Papa Smerf\AppData\Local\MiKTe
X\2.9\fonts/pk/ljfour/jknappen/ec/dpi600\ecbx1000.pk> <C:\Users\Papa Smerf\AppD
ata\Local\MiKTeX\2.9\fonts/pk/ljfour/jknappen/ec/dpi600\ecbx1440.pk> <C:\Users\
Papa Smerf\AppData\Local\MiKTeX\2.9\fonts/pk/ljfour/jknappen/ec/dpi600\ecti1200
.pk> <C:\Users\Papa Smerf\AppData\Local\MiKTeX\2.9\fonts/pk/ljfour/jknappen/ec/
dpi600\eccc1200.pk> <C:\Users\Papa Smerf\AppData\Local\MiKTeX\2.9\fonts/pk/ljfo
ur/jknappen/ec/dpi600\ecrm1200.pk> <C:\Users\Papa Smerf\AppData\Local\MiKTeX\2.
9\fonts/pk/ljfour/jknappen/ec/dpi600\ecbx2074.pk> <C:\Users\Papa Smerf\AppData\
Local\MiKTeX\2.9\fonts/pk/ljfour/jknappen/ec/dpi600\eccc1440.pk> <C:\Users\Papa
 Smerf\AppData\Local\MiKTeX\2.9\fonts/pk/ljfour/jknappen/ec/dpi600\eccc1728.pk>
<C:/Users/Papa Smerf/AppData/Roaming/MiKTeX/2.9/fonts/type1/public/pl/plmi10.pf
b><C:/Users/Papa Smerf/AppData/Roaming/MiKTeX/2.9/fonts/type1/public/pl/plr10.p
fb><C:/Users/Papa Smerf/AppData/Roaming/MiKTeX/2.9/fonts/type1/public/pl/plr7.p
fb><C:/Users/Papa Smerf/AppData/Roaming/MiKTeX/2.9/fonts/type1/public/pl/plsy10
.pfb><C:/Users/Papa Smerf/AppData/Roaming/MiKTeX/2.9/fonts/type1/public/pl/plsy
7.pfb>
Output written on "sprawozdanie 6.pdf" (15 pages, 6529348 bytes).
PDF statistics:
 680 PDF objects out of 1000 (max. 8388607)
 95 named destinations out of 1000 (max. 500000)
 261 words of extra memory for PDF output out of 10000 (max. 10000000)

